[2025-11-14 19:41:47] local.ERROR: The C:\Users\si\Downloads\Motors-main\Motors-main\Motors\bootstrap\cache directory must be present and writable. {"exception":"[object] (Exception(code: 0): The C:\\Users\\si\\Downloads\\Motors-main\\Motors-main\\Motors\\bootstrap\\cache directory must be present and writable. at C:\\Users\\si\\Downloads\\Motors-main\\Motors-main\\Motors\\vendor\\laravel\\framework\\src\\Illuminate\\Foundation\\PackageManifest.php:179)
[stacktrace]
#0 C:\\Users\\si\\Downloads\\Motors-main\\Motors-main\\Motors\\vendor\\laravel\\framework\\src\\Illuminate\\Foundation\\PackageManifest.php(132): Illuminate\\Foundation\\PackageManifest->write(Array)
#1 C:\\Users\\si\\Downloads\\Motors-main\\Motors-main\\Motors\\vendor\\laravel\\framework\\src\\Illuminate\\Foundation\\PackageManifest.php(108): Illuminate\\Foundation\\PackageManifest->build()
#2 C:\\Users\\si\\Downloads\\Motors-main\\Motors-main\\Motors\\vendor\\laravel\\framework\\src\\Illuminate\\Foundation\\PackageManifest.php(91): Illuminate\\Foundation\\PackageManifest->getManifest()
#3 C:\\Users\\si\\Downloads\\Motors-main\\Motors-main\\Motors\\vendor\\laravel\\framework\\src\\Illuminate\\Foundation\\PackageManifest.php(80): Illuminate\\Foundation\\PackageManifest->config('aliases')
#4 C:\\Users\\si\\Downloads\\Motors-main\\Motors-main\\Motors\\vendor\\laravel\\framework\\src\\Illuminate\\Foundation\\Bootstrap\\RegisterFacades.php(26): Illuminate\\Foundation\\PackageManifest->aliases()
#5 C:\\Users\\si\\Downloads\\Motors-main\\Motors-main\\Motors\\vendor\\laravel\\framework\\src\\Illuminate\\Foundation\\Application.php(342): Illuminate\\Foundation\\Bootstrap\\RegisterFacades->bootstrap(Object(Illuminate\\Foundation\\Application))
#6 C:\\Users\\si\\Downloads\\Motors-main\\Motors-main\\Motors\\vendor\\laravel\\framework\\src\\Illuminate\\Foundation\\Console\\Kernel.php(474): Illuminate\\Foundation\\Application->bootstrapWith(Array)
#7 C:\\Users\\si\\Downloads\\Motors-main\\Motors-main\\Motors\\vendor\\laravel\\framework\\src\\Illuminate\\Foundation\\Console\\Kernel.php(196): Illuminate\\Foundation\\Console\\Kernel->bootstrap()
#8 C:\\Users\\si\\Downloads\\Motors-main\\Motors-main\\Motors\\artisan(14): Illuminate\\Foundation\\Console\\Kernel->handle(Object(Symfony\\Component\\Console\\Input\\ArgvInput), Object(Symfony\\Component\\Console\\Output\\ConsoleOutput))
#9 {main}
"} 
[2025-11-14 19:42:03] local.ERROR: The C:\Users\si\Downloads\Motors-main\Motors-main\Motors\bootstrap\cache directory must be present and writable. {"exception":"[object] (Exception(code: 0): The C:\\Users\\si\\Downloads\\Motors-main\\Motors-main\\Motors\\bootstrap\\cache directory must be present and writable. at C:\\Users\\si\\Downloads\\Motors-main\\Motors-main\\Motors\\vendor\\laravel\\framework\\src\\Illuminate\\Foundation\\PackageManifest.php:179)
[stacktrace]
#0 C:\\Users\\si\\Downloads\\Motors-main\\Motors-main\\Motors\\vendor\\laravel\\framework\\src\\Illuminate\\Foundation\\PackageManifest.php(132): Illuminate\\Foundation\\PackageManifest->write(Array)
#1 C:\\Users\\si\\Downloads\\Motors-main\\Motors-main\\Motors\\vendor\\laravel\\framework\\src\\Illuminate\\Foundation\\PackageManifest.php(108): Illuminate\\Foundation\\PackageManifest->build()
#2 C:\\Users\\si\\Downloads\\Motors-main\\Motors-main\\Motors\\vendor\\laravel\\framework\\src\\Illuminate\\Foundation\\PackageManifest.php(91): Illuminate\\Foundation\\PackageManifest->getManifest()
#3 C:\\Users\\si\\Downloads\\Motors-main\\Motors-main\\Motors\\vendor\\laravel\\framework\\src\\Illuminate\\Foundation\\PackageManifest.php(80): Illuminate\\Foundation\\PackageManifest->config('aliases')
#4 C:\\Users\\si\\Downloads\\Motors-main\\Motors-main\\Motors\\vendor\\laravel\\framework\\src\\Illuminate\\Foundation\\Bootstrap\\RegisterFacades.php(26): Illuminate\\Foundation\\PackageManifest->aliases()
#5 C:\\Users\\si\\Downloads\\Motors-main\\Motors-main\\Motors\\vendor\\laravel\\framework\\src\\Illuminate\\Foundation\\Application.php(342): Illuminate\\Foundation\\Bootstrap\\RegisterFacades->bootstrap(Object(Illuminate\\Foundation\\Application))
#6 C:\\Users\\si\\Downloads\\Motors-main\\Motors-main\\Motors\\vendor\\laravel\\framework\\src\\Illuminate\\Foundation\\Console\\Kernel.php(474): Illuminate\\Foundation\\Application->bootstrapWith(Array)
#7 C:\\Users\\si\\Downloads\\Motors-main\\Motors-main\\Motors\\vendor\\laravel\\framework\\src\\Illuminate\\Foundation\\Console\\Kernel.php(196): Illuminate\\Foundation\\Console\\Kernel->bootstrap()
#8 C:\\Users\\si\\Downloads\\Motors-main\\Motors-main\\Motors\\artisan(14): Illuminate\\Foundation\\Console\\Kernel->handle(Object(Symfony\\Component\\Console\\Input\\ArgvInput), Object(Symfony\\Component\\Console\\Output\\ConsoleOutput))
#9 {main}
"} 
[2025-11-14 19:42:38] local.ERROR: SQLSTATE[HY000] [2002] Nenhuma conexão pôde ser feita porque a máquina de destino as recusou ativamente (Connection: mysql, SQL: select exists (select 1 from information_schema.tables where table_schema = 'motors' and table_name = 'migrations' and table_type in ('BASE TABLE', 'SYSTEM VERSIONED')) as `exists`) {"exception":"[object] (Illuminate\\Database\\QueryException(code: 2002): SQLSTATE[HY000] [2002] Nenhuma conexão pôde ser feita porque a máquina de destino as recusou ativamente (Connection: mysql, SQL: select exists (select 1 from information_schema.tables where table_schema = 'motors' and table_name = 'migrations' and table_type in ('BASE TABLE', 'SYSTEM VERSIONED')) as `exists`) at C:\\Users\\si\\Downloads\\Motors-main\\Motors-main\\Motors\\vendor\\laravel\\framework\\src\\Illuminate\\Database\\Connection.php:825)
[stacktrace]
#0 C:\\Users\\si\\Downloads\\Motors-main\\Motors-main\\Motors\\vendor\\laravel\\framework\\src\\Illuminate\\Database\\Connection.php(779): Illuminate\\Database\\Connection->runQueryCallback('select exists (...', Array, Object(Closure))
#1 C:\\Users\\si\\Downloads\\Motors-main\\Motors-main\\Motors\\vendor\\laravel\\framework\\src\\Illuminate\\Database\\Connection.php(398): Illuminate\\Database\\Connection->run('select exists (...', Array, Object(Closure))
#2 C:\\Users\\si\\Downloads\\Motors-main\\Motors-main\\Motors\\vendor\\laravel\\framework\\src\\Illuminate\\Database\\Connection.php(344): Illuminate\\Database\\Connection->select('select exists (...', Array, true)
#3 C:\\Users\\si\\Downloads\\Motors-main\\Motors-main\\Motors\\vendor\\laravel\\framework\\src\\Illuminate\\Database\\Connection.php(361): Illuminate\\Database\\Connection->selectOne('select exists (...', Array, true)
#4 C:\\Users\\si\\Downloads\\Motors-main\\Motors-main\\Motors\\vendor\\laravel\\framework\\src\\Illuminate\\Database\\Schema\\MySqlBuilder.php(45): Illuminate\\Database\\Connection->scalar('select exists (...')
#5 C:\\Users\\si\\Downloads\\Motors-main\\Motors-main\\Motors\\vendor\\laravel\\framework\\src\\Illuminate\\Database\\Migrations\\DatabaseMigrationRepository.php(184): Illuminate\\Database\\Schema\\MySqlBuilder->hasTable('migrations')
#6 C:\\Users\\si\\Downloads\\Motors-main\\Motors-main\\Motors\\vendor\\laravel\\framework\\src\\Illuminate\\Database\\Migrations\\Migrator.php(742): Illuminate\\Database\\Migrations\\DatabaseMigrationRepository->repositoryExists()
#7 C:\\Users\\si\\Downloads\\Motors-main\\Motors-main\\Motors\\vendor\\laravel\\framework\\src\\Illuminate\\Database\\Console\\Migrations\\MigrateCommand.php(165): Illuminate\\Database\\Migrations\\Migrator->repositoryExists()
#8 C:\\Users\\si\\Downloads\\Motors-main\\Motors-main\\Motors\\vendor\\laravel\\framework\\src\\Illuminate\\Support\\helpers.php(338): Illuminate\\Database\\Console\\Migrations\\MigrateCommand->Illuminate\\Database\\Console\\Migrations\\{closure}(1)
#9 C:\\Users\\si\\Downloads\\Motors-main\\Motors-main\\Motors\\vendor\\laravel\\framework\\src\\Illuminate\\Database\\Console\\Migrations\\MigrateCommand.php(165): retry(1, Object(Closure), 0, Object(Closure))
#10 C:\\Users\\si\\Downloads\\Motors-main\\Motors-main\\Motors\\vendor\\laravel\\framework\\src\\Illuminate\\Database\\Console\\Migrations\\MigrateCommand.php(141): Illuminate\\Database\\Console\\Migrations\\MigrateCommand->repositoryExists()
#11 C:\\Users\\si\\Downloads\\Motors-main\\Motors-main\\Motors\\vendor\\laravel\\framework\\src\\Illuminate\\Database\\Console\\Migrations\\MigrateCommand.php(111): Illuminate\\Database\\Console\\Migrations\\MigrateCommand->prepareDatabase()
#12 C:\\Users\\si\\Downloads\\Motors-main\\Motors-main\\Motors\\vendor\\laravel\\framework\\src\\Illuminate\\Database\\Migrations\\Migrator.php(658): Illuminate\\Database\\Console\\Migrations\\MigrateCommand->Illuminate\\Database\\Console\\Migrations\\{closure}()
#13 C:\\Users\\si\\Downloads\\Motors-main\\Motors-main\\Motors\\vendor\\laravel\\framework\\src\\Illuminate\\Database\\Console\\Migrations\\MigrateCommand.php(110): Illuminate\\Database\\Migrations\\Migrator->usingConnection(NULL, Object(Closure))
#14 C:\\Users\\si\\Downloads\\Motors-main\\Motors-main\\Motors\\vendor\\laravel\\framework\\src\\Illuminate\\Database\\Console\\Migrations\\MigrateCommand.php(89): Illuminate\\Database\\Console\\Migrations\\MigrateCommand->runMigrations()
#15 C:\\Users\\si\\Downloads\\Motors-main\\Motors-main\\Motors\\vendor\\laravel\\framework\\src\\Illuminate\\Container\\BoundMethod.php(36): Illuminate\\Database\\Console\\Migrations\\MigrateCommand->handle()
#16 C:\\Users\\si\\Downloads\\Motors-main\\Motors-main\\Motors\\vendor\\laravel\\framework\\src\\Illuminate\\Container\\Util.php(43): Illuminate\\Container\\BoundMethod::Illuminate\\Container\\{closure}()
#17 C:\\Users\\si\\Downloads\\Motors-main\\Motors-main\\Motors\\vendor\\laravel\\framework\\src\\Illuminate\\Container\\BoundMethod.php(95): Illuminate\\Container\\Util::unwrapIfClosure(Object(Closure))
#18 C:\\Users\\si\\Downloads\\Motors-main\\Motors-main\\Motors\\vendor\\laravel\\framework\\src\\Illuminate\\Container\\BoundMethod.php(35): Illuminate\\Container\\BoundMethod::callBoundMethod(Object(Illuminate\\Foundation\\Application), Array, Object(Closure))
#19 C:\\Users\\si\\Downloads\\Motors-main\\Motors-main\\Motors\\vendor\\laravel\\framework\\src\\Illuminate\\Container\\Container.php(696): Illuminate\\Container\\BoundMethod::call(Object(Illuminate\\Foundation\\Application), Array, Array, NULL)
#20 C:\\Users\\si\\Downloads\\Motors-main\\Motors-main\\Motors\\vendor\\laravel\\framework\\src\\Illuminate\\Console\\Command.php(213): Illuminate\\Container\\Container->call(Array)
#21 C:\\Users\\si\\Downloads\\Motors-main\\Motors-main\\Motors\\vendor\\symfony\\console\\Command\\Command.php(318): Illuminate\\Console\\Command->execute(Object(Symfony\\Component\\Console\\Input\\ArgvInput), Object(Illuminate\\Console\\OutputStyle))
#22 C:\\Users\\si\\Downloads\\Motors-main\\Motors-main\\Motors\\vendor\\laravel\\framework\\src\\Illuminate\\Console\\Command.php(182): Symfony\\Component\\Console\\Command\\Command->run(Object(Symfony\\Component\\Console\\Input\\ArgvInput), Object(Illuminate\\Console\\OutputStyle))
#23 C:\\Users\\si\\Downloads\\Motors-main\\Motors-main\\Motors\\vendor\\symfony\\console\\Application.php(1073): Illuminate\\Console\\Command->run(Object(Symfony\\Component\\Console\\Input\\ArgvInput), Object(Symfony\\Component\\Console\\Output\\ConsoleOutput))
#24 C:\\Users\\si\\Downloads\\Motors-main\\Motors-main\\Motors\\vendor\\symfony\\console\\Application.php(356): Symfony\\Component\\Console\\Application->doRunCommand(Object(Illuminate\\Database\\Console\\Migrations\\MigrateCommand), Object(Symfony\\Component\\Console\\Input\\ArgvInput), Object(Symfony\\Component\\Console\\Output\\ConsoleOutput))
#25 C:\\Users\\si\\Downloads\\Motors-main\\Motors-main\\Motors\\vendor\\symfony\\console\\Application.php(195): Symfony\\Component\\Console\\Application->doRun(Object(Symfony\\Component\\Console\\Input\\ArgvInput), Object(Symfony\\Component\\Console\\Output\\ConsoleOutput))
#26 C:\\Users\\si\\Downloads\\Motors-main\\Motors-main\\Motors\\vendor\\laravel\\framework\\src\\Illuminate\\Foundation\\Console\\Kernel.php(198): Symfony\\Component\\Console\\Application->run(Object(Symfony\\Component\\Console\\Input\\ArgvInput), Object(Symfony\\Component\\Console\\Output\\ConsoleOutput))
#27 C:\\Users\\si\\Downloads\\Motors-main\\Motors-main\\Motors\\artisan(14): Illuminate\\Foundation\\Console\\Kernel->handle(Object(Symfony\\Component\\Console\\Input\\ArgvInput), Object(Symfony\\Component\\Console\\Output\\ConsoleOutput))
#28 {main}

[previous exception] [object] (PDOException(code: 2002): SQLSTATE[HY000] [2002] Nenhuma conexão pôde ser feita porque a máquina de destino as recusou ativamente at C:\\Users\\si\\Downloads\\Motors-main\\Motors-main\\Motors\\vendor\\laravel\\framework\\src\\Illuminate\\Database\\Connectors\\Connector.php:66)
[stacktrace]
#0 C:\\Users\\si\\Downloads\\Motors-main\\Motors-main\\Motors\\vendor\\laravel\\framework\\src\\Illuminate\\Database\\Connectors\\Connector.php(66): PDO->__construct('mysql:host=127....', 'root', Object(SensitiveParameterValue), Array)
#1 C:\\Users\\si\\Downloads\\Motors-main\\Motors-main\\Motors\\vendor\\laravel\\framework\\src\\Illuminate\\Database\\Connectors\\Connector.php(44): Illuminate\\Database\\Connectors\\Connector->createPdoConnection('mysql:host=127....', 'root', Object(SensitiveParameterValue), Array)
#2 C:\\Users\\si\\Downloads\\Motors-main\\Motors-main\\Motors\\vendor\\laravel\\framework\\src\\Illuminate\\Database\\Connectors\\MySqlConnector.php(24): Illuminate\\Database\\Connectors\\Connector->createConnection('mysql:host=127....', Array, Array)
#3 C:\\Users\\si\\Downloads\\Motors-main\\Motors-main\\Motors\\vendor\\laravel\\framework\\src\\Illuminate\\Database\\Connectors\\ConnectionFactory.php(185): Illuminate\\Database\\Connectors\\MySqlConnector->connect(Array)
#4 [internal function]: Illuminate\\Database\\Connectors\\ConnectionFactory->Illuminate\\Database\\Connectors\\{closure}()
#5 C:\\Users\\si\\Downloads\\Motors-main\\Motors-main\\Motors\\vendor\\laravel\\framework\\src\\Illuminate\\Database\\Connection.php(1231): call_user_func(Object(Closure))
#6 C:\\Users\\si\\Downloads\\Motors-main\\Motors-main\\Motors\\vendor\\laravel\\framework\\src\\Illuminate\\Database\\Connection.php(1267): Illuminate\\Database\\Connection->getPdo()
#7 C:\\Users\\si\\Downloads\\Motors-main\\Motors-main\\Motors\\vendor\\laravel\\framework\\src\\Illuminate\\Database\\Connection.php(512): Illuminate\\Database\\Connection->getReadPdo()
#8 C:\\Users\\si\\Downloads\\Motors-main\\Motors-main\\Motors\\vendor\\laravel\\framework\\src\\Illuminate\\Database\\Connection.php(407): Illuminate\\Database\\Connection->getPdoForSelect(true)
#9 C:\\Users\\si\\Downloads\\Motors-main\\Motors-main\\Motors\\vendor\\laravel\\framework\\src\\Illuminate\\Database\\Connection.php(812): Illuminate\\Database\\Connection->Illuminate\\Database\\{closure}('select exists (...', Array)
#10 C:\\Users\\si\\Downloads\\Motors-main\\Motors-main\\Motors\\vendor\\laravel\\framework\\src\\Illuminate\\Database\\Connection.php(779): Illuminate\\Database\\Connection->runQueryCallback('select exists (...', Array, Object(Closure))
#11 C:\\Users\\si\\Downloads\\Motors-main\\Motors-main\\Motors\\vendor\\laravel\\framework\\src\\Illuminate\\Database\\Connection.php(398): Illuminate\\Database\\Connection->run('select exists (...', Array, Object(Closure))
#12 C:\\Users\\si\\Downloads\\Motors-main\\Motors-main\\Motors\\vendor\\laravel\\framework\\src\\Illuminate\\Database\\Connection.php(344): Illuminate\\Database\\Connection->select('select exists (...', Array, true)
#13 C:\\Users\\si\\Downloads\\Motors-main\\Motors-main\\Motors\\vendor\\laravel\\framework\\src\\Illuminate\\Database\\Connection.php(361): Illuminate\\Database\\Connection->selectOne('select exists (...', Array, true)
#14 C:\\Users\\si\\Downloads\\Motors-main\\Motors-main\\Motors\\vendor\\laravel\\framework\\src\\Illuminate\\Database\\Schema\\MySqlBuilder.php(45): Illuminate\\Database\\Connection->scalar('select exists (...')
#15 C:\\Users\\si\\Downloads\\Motors-main\\Motors-main\\Motors\\vendor\\laravel\\framework\\src\\Illuminate\\Database\\Migrations\\DatabaseMigrationRepository.php(184): Illuminate\\Database\\Schema\\MySqlBuilder->hasTable('migrations')
#16 C:\\Users\\si\\Downloads\\Motors-main\\Motors-main\\Motors\\vendor\\laravel\\framework\\src\\Illuminate\\Database\\Migrations\\Migrator.php(742): Illuminate\\Database\\Migrations\\DatabaseMigrationRepository->repositoryExists()
#17 C:\\Users\\si\\Downloads\\Motors-main\\Motors-main\\Motors\\vendor\\laravel\\framework\\src\\Illuminate\\Database\\Console\\Migrations\\MigrateCommand.php(165): Illuminate\\Database\\Migrations\\Migrator->repositoryExists()
#18 C:\\Users\\si\\Downloads\\Motors-main\\Motors-main\\Motors\\vendor\\laravel\\framework\\src\\Illuminate\\Support\\helpers.php(338): Illuminate\\Database\\Console\\Migrations\\MigrateCommand->Illuminate\\Database\\Console\\Migrations\\{closure}(1)
#19 C:\\Users\\si\\Downloads\\Motors-main\\Motors-main\\Motors\\vendor\\laravel\\framework\\src\\Illuminate\\Database\\Console\\Migrations\\MigrateCommand.php(165): retry(1, Object(Closure), 0, Object(Closure))
#20 C:\\Users\\si\\Downloads\\Motors-main\\Motors-main\\Motors\\vendor\\laravel\\framework\\src\\Illuminate\\Database\\Console\\Migrations\\MigrateCommand.php(141): Illuminate\\Database\\Console\\Migrations\\MigrateCommand->repositoryExists()
#21 C:\\Users\\si\\Downloads\\Motors-main\\Motors-main\\Motors\\vendor\\laravel\\framework\\src\\Illuminate\\Database\\Console\\Migrations\\MigrateCommand.php(111): Illuminate\\Database\\Console\\Migrations\\MigrateCommand->prepareDatabase()
#22 C:\\Users\\si\\Downloads\\Motors-main\\Motors-main\\Motors\\vendor\\laravel\\framework\\src\\Illuminate\\Database\\Migrations\\Migrator.php(658): Illuminate\\Database\\Console\\Migrations\\MigrateCommand->Illuminate\\Database\\Console\\Migrations\\{closure}()
#23 C:\\Users\\si\\Downloads\\Motors-main\\Motors-main\\Motors\\vendor\\laravel\\framework\\src\\Illuminate\\Database\\Console\\Migrations\\MigrateCommand.php(110): Illuminate\\Database\\Migrations\\Migrator->usingConnection(NULL, Object(Closure))
#24 C:\\Users\\si\\Downloads\\Motors-main\\Motors-main\\Motors\\vendor\\laravel\\framework\\src\\Illuminate\\Database\\Console\\Migrations\\MigrateCommand.php(89): Illuminate\\Database\\Console\\Migrations\\MigrateCommand->runMigrations()
#25 C:\\Users\\si\\Downloads\\Motors-main\\Motors-main\\Motors\\vendor\\laravel\\framework\\src\\Illuminate\\Container\\BoundMethod.php(36): Illuminate\\Database\\Console\\Migrations\\MigrateCommand->handle()
#26 C:\\Users\\si\\Downloads\\Motors-main\\Motors-main\\Motors\\vendor\\laravel\\framework\\src\\Illuminate\\Container\\Util.php(43): Illuminate\\Container\\BoundMethod::Illuminate\\Container\\{closure}()
#27 C:\\Users\\si\\Downloads\\Motors-main\\Motors-main\\Motors\\vendor\\laravel\\framework\\src\\Illuminate\\Container\\BoundMethod.php(95): Illuminate\\Container\\Util::unwrapIfClosure(Object(Closure))
#28 C:\\Users\\si\\Downloads\\Motors-main\\Motors-main\\Motors\\vendor\\laravel\\framework\\src\\Illuminate\\Container\\BoundMethod.php(35): Illuminate\\Container\\BoundMethod::callBoundMethod(Object(Illuminate\\Foundation\\Application), Array, Object(Closure))
#29 C:\\Users\\si\\Downloads\\Motors-main\\Motors-main\\Motors\\vendor\\laravel\\framework\\src\\Illuminate\\Container\\Container.php(696): Illuminate\\Container\\BoundMethod::call(Object(Illuminate\\Foundation\\Application), Array, Array, NULL)
#30 C:\\Users\\si\\Downloads\\Motors-main\\Motors-main\\Motors\\vendor\\laravel\\framework\\src\\Illuminate\\Console\\Command.php(213): Illuminate\\Container\\Container->call(Array)
#31 C:\\Users\\si\\Downloads\\Motors-main\\Motors-main\\Motors\\vendor\\symfony\\console\\Command\\Command.php(318): Illuminate\\Console\\Command->execute(Object(Symfony\\Component\\Console\\Input\\ArgvInput), Object(Illuminate\\Console\\OutputStyle))
#32 C:\\Users\\si\\Downloads\\Motors-main\\Motors-main\\Motors\\vendor\\laravel\\framework\\src\\Illuminate\\Console\\Command.php(182): Symfony\\Component\\Console\\Command\\Command->run(Object(Symfony\\Component\\Console\\Input\\ArgvInput), Object(Illuminate\\Console\\OutputStyle))
#33 C:\\Users\\si\\Downloads\\Motors-main\\Motors-main\\Motors\\vendor\\symfony\\console\\Application.php(1073): Illuminate\\Console\\Command->run(Object(Symfony\\Component\\Console\\Input\\ArgvInput), Object(Symfony\\Component\\Console\\Output\\ConsoleOutput))
#34 C:\\Users\\si\\Downloads\\Motors-main\\Motors-main\\Motors\\vendor\\symfony\\console\\Application.php(356): Symfony\\Component\\Console\\Application->doRunCommand(Object(Illuminate\\Database\\Console\\Migrations\\MigrateCommand), Object(Symfony\\Component\\Console\\Input\\ArgvInput), Object(Symfony\\Component\\Console\\Output\\ConsoleOutput))
#35 C:\\Users\\si\\Downloads\\Motors-main\\Motors-main\\Motors\\vendor\\symfony\\console\\Application.php(195): Symfony\\Component\\Console\\Application->doRun(Object(Symfony\\Component\\Console\\Input\\ArgvInput), Object(Symfony\\Component\\Console\\Output\\ConsoleOutput))
#36 C:\\Users\\si\\Downloads\\Motors-main\\Motors-main\\Motors\\vendor\\laravel\\framework\\src\\Illuminate\\Foundation\\Console\\Kernel.php(198): Symfony\\Component\\Console\\Application->run(Object(Symfony\\Component\\Console\\Input\\ArgvInput), Object(Symfony\\Component\\Console\\Output\\ConsoleOutput))
#37 C:\\Users\\si\\Downloads\\Motors-main\\Motors-main\\Motors\\artisan(14): Illuminate\\Foundation\\Console\\Kernel->handle(Object(Symfony\\Component\\Console\\Input\\ArgvInput), Object(Symfony\\Component\\Console\\Output\\ConsoleOutput))
#38 {main}
"} 
[2025-11-14 19:43:34] local.ERROR: SQLSTATE[22001]: String data, right truncated: 1406 Data too long for column 'link_foto' at row 29 (Connection: mysql, SQL: insert into `fotos` (`carro_id`, `link_foto`) values (1, https://quatrorodas.abril.com.br/wp-content/uploads/2022/08/2023-cadillac-escalade-v-106.jpg?quality=70&strip=info&w=1280&h=720&crop=1), (1, https://quatrorodas.abril.com.br/wp-content/uploads/2022/08/2023-cadillac-escalade-v-106.jpg?quality=70&strip=info&w=1024&crop=1), (1, https://quatrorodas.abril.com.br/wp-content/uploads/2022/08/2023-cadillac-escalade-v-102.jpg?quality=70&strip=info&w=1024&crop=1), (1, https://quatrorodas.abril.com.br/wp-content/uploads/2022/08/2023-cadillac-escalade-v-104.jpg?quality=70&strip=info&w=1024&crop=1), (1, https://quatrorodas.abril.com.br/wp-content/uploads/2022/08/2023-cadillac-escalade-v-113.jpg?quality=70&strip=info&w=1024&crop=1), (2, https://encrypted-tbn0.gstatic.com/images?q=tbn:ANd9GcSOmJSSSmQvnZeQj9alL6HtrSRq2Mpe_aiLMg&s), (2, https://di-uploads-pod35.dealerinspire.com/fivestarcadillac/uploads/2023/12/2024-Cadillac-CT5-V-Blackwing.jpg), (2, https://res.cloudinary.com/mecum/image/upload/v1745423610/auctions/SC25/1146954/146207.jpg), (3, https://encrypted-tbn0.gstatic.com/images?q=tbn:ANd9GcSKLyCK_8hbVrjcar1Y3kSGm8a0X4Q1j1aQJQ&s), (4, https://cdn.motor1.com/images/mgl/NG1Kn9/s1/2024-cadillac-celestiq-reveal.jpg), (5, https://encrypted-tbn0.gstatic.com/images?q=tbn:ANd9GcTBonJxxjK4BPldN9T-VpP7ANoo-9WT82k0iQ&s), (6, https://encrypted-tbn0.gstatic.com/images?q=tbn:ANd9GcTaroRjw2oTYhKXqEcW_4vaeu-cSikScuyRwg&s), (6, https://s2-autoesporte.glbimg.com/-asD1mWtI7HCI-52YtCe8NcL6qs=/0x0:5472x3648/984x0/smart/filters:strip_icc()/i.s3.glbimg.com/v1/AUTH_cf9d035bf26b4646b105bd958f32089d/internal_photos/bs/2022/V/Q/Ry4sxnT1O0LeeYDOhCPg/rrv-23my-p400e-phev-78-.jpg), (6, https://image.webmotors.com.br/_fotos/anunciousados/gigante/2025/202510/20251030/land-rover-range-rover-velar-2-0-p400e-phev-rdynamic-hse-automatico-wmimagem13562806468.webp?s=fill&w=552&h=414&q=60), (6, https://image.webmotors.com.br/_fotos/anunciousados/gigante/2025/202510/20251030/land-rover-range-rover-velar-2-0-p400e-phev-rdynamic-hse-automatico-wmimagem13562837035.webp?s=fill&w=552&h=414&q=60), (6, https://image.webmotors.com.br/_fotos/anunciousados/gigante/2025/202510/20251030/land-rover-range-rover-velar-2-0-p400e-phev-rdynamic-hse-automatico-wmimagem13562888630.webp?s=fill&w=552&h=414&q=60), (7, https://encrypted-tbn0.gstatic.com/images?q=tbn:ANd9GcQyPwelLUriXg9qcbuiVB8o0r6gxCANe9Ke7g&s), (8, https://http2.mlstatic.com/D_NQ_NP_2X_769205-MLB95409681632_102025-T-land-rover-discovery-sport-20-d200-turbo-diesel-r-dynamic-s.webp), (9, https://encrypted-tbn0.gstatic.com/images?q=tbn:ANd9GcSrB9Olb6UwqBII0GoFZ4qMDTiX49pRJyMHrg&s), (10, https://encrypted-tbn0.gstatic.com/images?q=tbn:ANd9GcRo6RubDuayAt1VGwAFJMOy_xRdxOv-Am5BYA&s), (11, https://carrosbemmontados.com.br/wp-content/uploads/2023/07/Koenigsegg-Jesko-Absolut.jpg.webp), (11, https://encrypted-tbn0.gstatic.com/images?q=tbn:ANd9GcSg3W2oy5Vd5JG6Vy_477dwXxVwtkk_UB3ADw&s), (11, https://uploads.diariodopoder.com.br/2021/01/Koenigsegg-Jesko_Absolut-2021-1600-05.jpg), (11, https://preview.redd.it/is-the-koenigsegg-jesko-absolut-the-only-fastest-production-v0-8s8kgaf2uo9f1.jpg?width=640&crop=smart&auto=webp&s=ac927c6727d0f0a21dd0436e8b0a8b5a4e5b4ab8), (11, https://revistacarro.com.br/koenigsegg-jesko-e-um-hiperesportivo-flex/koenigsegg-jesko_5/), (12, https://cdn.motor1.com/images/mgl/B4N6w/s1/4x3/megacarro-koenigsegg-regera-de-1500-cv-promete-400-km-h-em-20-segundos.webp), (13, https://encrypted-tbn0.gstatic.com/images?q=tbn:ANd9GcS2EZMAB04CfYP16nBlojMkymFBcqOf-Gp-7A&s), (14, https://encrypted-tbn0.gstatic.com/images?q=tbn:ANd9GcTvezdwWeZJwJAIg5HOW83SAH2HpgaWi-vlsA&s), (15, https://s2-autoesporte.glbimg.com/sm1QiXwcG6fF0qDpNPwC0THEbuc=/0x0:1920x1074/924x0/smart/filters:strip_icc()/i.s3.glbimg.com/v1/AUTH_cf9d035bf26b4646b105bd958f32089d/internal_photos/bs/2022/L/O/Bk5MGCTUaml8gyR9OpWA/koenigsegg-cc850-the-swedish-hypercar-new-years-resolution-came-true-196424-1.jpg), (16, https://i.ytimg.com/vi/5TFuIqRQ2b0/hq720.jpg?sqp=-oaymwEhCK4FEIIDSFryq4qpAxMIARUAAAAAGAElAADIQj0AgKJD&rs=AOn4CLCe6vummO9xqYULIqa_CSq5D0cyfQ), (16, https://s2-autoesporte.glbimg.com/Py6Em7BDzhlu-sgTwVGfW26Z-hc=/0x0:5000x3333/984x0/smart/filters:strip_icc()/i.s3.glbimg.com/v1/AUTH_59edd422c0c84a879bd37670ae4f538a/internal_photos/bs/2020/Y/p/hSaGNESHKi50qhtAnWHQ/20200810-524-porsche-rodrigoruiz-00542.jpg), (16, https://encrypted-tbn0.gstatic.com/images?q=tbn:ANd9GcSnb-Cd25VFAJY2-3L50YjkwC9z_MmJGfTWCQ&s), (17, https://images-porsche.imgix.net/-/media/8E5CCEE342DE42B9B07FBC6D592BE942_6722B9B370094B6ABF07F6005F26F3C6_CY24J5TOX0012-exterior?w=999&q=85&auto=format), (18, https://cdn.motor1.com/images/mgl/QpzX1/s1/porsche-panamera-gts-2021-in-rot-front-fahraufnahme-auf-der-rennstrecke.webp), (19, https://s2-autoesporte.glbimg.com/yL2mww_fODdD-ZrDWZSBzdwHGgE=/0x0:3949x2222/888x0/smart/filters:strip_icc()/i.s3.glbimg.com/v1/AUTH_cf9d035bf26b4646b105bd958f32089d/internal_photos/bs/2024/L/i/fi2yVNSOqSGHtYcWABTA/s24-0348-fine.jpg), (20, https://encrypted-tbn0.gstatic.com/images?q=tbn:ANd9GcS5-bURYAkoDvZhCHGNIZwVYX6SqrSV-JOZqA&s)) {"exception":"[object] (Illuminate\\Database\\QueryException(code: 22001): SQLSTATE[22001]: String data, right truncated: 1406 Data too long for column 'link_foto' at row 29 (Connection: mysql, SQL: insert into `fotos` (`carro_id`, `link_foto`) values (1, https://quatrorodas.abril.com.br/wp-content/uploads/2022/08/2023-cadillac-escalade-v-106.jpg?quality=70&strip=info&w=1280&h=720&crop=1), (1, https://quatrorodas.abril.com.br/wp-content/uploads/2022/08/2023-cadillac-escalade-v-106.jpg?quality=70&strip=info&w=1024&crop=1), (1, https://quatrorodas.abril.com.br/wp-content/uploads/2022/08/2023-cadillac-escalade-v-102.jpg?quality=70&strip=info&w=1024&crop=1), (1, https://quatrorodas.abril.com.br/wp-content/uploads/2022/08/2023-cadillac-escalade-v-104.jpg?quality=70&strip=info&w=1024&crop=1), (1, https://quatrorodas.abril.com.br/wp-content/uploads/2022/08/2023-cadillac-escalade-v-113.jpg?quality=70&strip=info&w=1024&crop=1), (2, https://encrypted-tbn0.gstatic.com/images?q=tbn:ANd9GcSOmJSSSmQvnZeQj9alL6HtrSRq2Mpe_aiLMg&s), (2, https://di-uploads-pod35.dealerinspire.com/fivestarcadillac/uploads/2023/12/2024-Cadillac-CT5-V-Blackwing.jpg), (2, https://res.cloudinary.com/mecum/image/upload/v1745423610/auctions/SC25/1146954/146207.jpg), (3, https://encrypted-tbn0.gstatic.com/images?q=tbn:ANd9GcSKLyCK_8hbVrjcar1Y3kSGm8a0X4Q1j1aQJQ&s), (4, https://cdn.motor1.com/images/mgl/NG1Kn9/s1/2024-cadillac-celestiq-reveal.jpg), (5, https://encrypted-tbn0.gstatic.com/images?q=tbn:ANd9GcTBonJxxjK4BPldN9T-VpP7ANoo-9WT82k0iQ&s), (6, https://encrypted-tbn0.gstatic.com/images?q=tbn:ANd9GcTaroRjw2oTYhKXqEcW_4vaeu-cSikScuyRwg&s), (6, https://s2-autoesporte.glbimg.com/-asD1mWtI7HCI-52YtCe8NcL6qs=/0x0:5472x3648/984x0/smart/filters:strip_icc()/i.s3.glbimg.com/v1/AUTH_cf9d035bf26b4646b105bd958f32089d/internal_photos/bs/2022/V/Q/Ry4sxnT1O0LeeYDOhCPg/rrv-23my-p400e-phev-78-.jpg), (6, https://image.webmotors.com.br/_fotos/anunciousados/gigante/2025/202510/20251030/land-rover-range-rover-velar-2-0-p400e-phev-rdynamic-hse-automatico-wmimagem13562806468.webp?s=fill&w=552&h=414&q=60), (6, https://image.webmotors.com.br/_fotos/anunciousados/gigante/2025/202510/20251030/land-rover-range-rover-velar-2-0-p400e-phev-rdynamic-hse-automatico-wmimagem13562837035.webp?s=fill&w=552&h=414&q=60), (6, https://image.webmotors.com.br/_fotos/anunciousados/gigante/2025/202510/20251030/land-rover-range-rover-velar-2-0-p400e-phev-rdynamic-hse-automatico-wmimagem13562888630.webp?s=fill&w=552&h=414&q=60), (7, https://encrypted-tbn0.gstatic.com/images?q=tbn:ANd9GcQyPwelLUriXg9qcbuiVB8o0r6gxCANe9Ke7g&s), (8, https://http2.mlstatic.com/D_NQ_NP_2X_769205-MLB95409681632_102025-T-land-rover-discovery-sport-20-d200-turbo-diesel-r-dynamic-s.webp), (9, https://encrypted-tbn0.gstatic.com/images?q=tbn:ANd9GcSrB9Olb6UwqBII0GoFZ4qMDTiX49pRJyMHrg&s), (10, https://encrypted-tbn0.gstatic.com/images?q=tbn:ANd9GcRo6RubDuayAt1VGwAFJMOy_xRdxOv-Am5BYA&s), (11, https://carrosbemmontados.com.br/wp-content/uploads/2023/07/Koenigsegg-Jesko-Absolut.jpg.webp), (11, https://encrypted-tbn0.gstatic.com/images?q=tbn:ANd9GcSg3W2oy5Vd5JG6Vy_477dwXxVwtkk_UB3ADw&s), (11, https://uploads.diariodopoder.com.br/2021/01/Koenigsegg-Jesko_Absolut-2021-1600-05.jpg), (11, https://preview.redd.it/is-the-koenigsegg-jesko-absolut-the-only-fastest-production-v0-8s8kgaf2uo9f1.jpg?width=640&crop=smart&auto=webp&s=ac927c6727d0f0a21dd0436e8b0a8b5a4e5b4ab8), (11, https://revistacarro.com.br/koenigsegg-jesko-e-um-hiperesportivo-flex/koenigsegg-jesko_5/), (12, https://cdn.motor1.com/images/mgl/B4N6w/s1/4x3/megacarro-koenigsegg-regera-de-1500-cv-promete-400-km-h-em-20-segundos.webp), (13, https://encrypted-tbn0.gstatic.com/images?q=tbn:ANd9GcS2EZMAB04CfYP16nBlojMkymFBcqOf-Gp-7A&s), (14, https://encrypted-tbn0.gstatic.com/images?q=tbn:ANd9GcTvezdwWeZJwJAIg5HOW83SAH2HpgaWi-vlsA&s), (15, https://s2-autoesporte.glbimg.com/sm1QiXwcG6fF0qDpNPwC0THEbuc=/0x0:1920x1074/924x0/smart/filters:strip_icc()/i.s3.glbimg.com/v1/AUTH_cf9d035bf26b4646b105bd958f32089d/internal_photos/bs/2022/L/O/Bk5MGCTUaml8gyR9OpWA/koenigsegg-cc850-the-swedish-hypercar-new-years-resolution-came-true-196424-1.jpg), (16, https://i.ytimg.com/vi/5TFuIqRQ2b0/hq720.jpg?sqp=-oaymwEhCK4FEIIDSFryq4qpAxMIARUAAAAAGAElAADIQj0AgKJD&rs=AOn4CLCe6vummO9xqYULIqa_CSq5D0cyfQ), (16, https://s2-autoesporte.glbimg.com/Py6Em7BDzhlu-sgTwVGfW26Z-hc=/0x0:5000x3333/984x0/smart/filters:strip_icc()/i.s3.glbimg.com/v1/AUTH_59edd422c0c84a879bd37670ae4f538a/internal_photos/bs/2020/Y/p/hSaGNESHKi50qhtAnWHQ/20200810-524-porsche-rodrigoruiz-00542.jpg), (16, https://encrypted-tbn0.gstatic.com/images?q=tbn:ANd9GcSnb-Cd25VFAJY2-3L50YjkwC9z_MmJGfTWCQ&s), (17, https://images-porsche.imgix.net/-/media/8E5CCEE342DE42B9B07FBC6D592BE942_6722B9B370094B6ABF07F6005F26F3C6_CY24J5TOX0012-exterior?w=999&q=85&auto=format), (18, https://cdn.motor1.com/images/mgl/QpzX1/s1/porsche-panamera-gts-2021-in-rot-front-fahraufnahme-auf-der-rennstrecke.webp), (19, https://s2-autoesporte.glbimg.com/yL2mww_fODdD-ZrDWZSBzdwHGgE=/0x0:3949x2222/888x0/smart/filters:strip_icc()/i.s3.glbimg.com/v1/AUTH_cf9d035bf26b4646b105bd958f32089d/internal_photos/bs/2024/L/i/fi2yVNSOqSGHtYcWABTA/s24-0348-fine.jpg), (20, https://encrypted-tbn0.gstatic.com/images?q=tbn:ANd9GcS5-bURYAkoDvZhCHGNIZwVYX6SqrSV-JOZqA&s)) at C:\\Users\\si\\Downloads\\Motors-main\\Motors-main\\Motors\\vendor\\laravel\\framework\\src\\Illuminate\\Database\\Connection.php:825)
[stacktrace]
#0 C:\\Users\\si\\Downloads\\Motors-main\\Motors-main\\Motors\\vendor\\laravel\\framework\\src\\Illuminate\\Database\\Connection.php(779): Illuminate\\Database\\Connection->runQueryCallback('insert into `fo...', Array, Object(Closure))
#1 C:\\Users\\si\\Downloads\\Motors-main\\Motors-main\\Motors\\vendor\\laravel\\framework\\src\\Illuminate\\Database\\MySqlConnection.php(42): Illuminate\\Database\\Connection->run('insert into `fo...', Array, Object(Closure))
#2 C:\\Users\\si\\Downloads\\Motors-main\\Motors-main\\Motors\\vendor\\laravel\\framework\\src\\Illuminate\\Database\\Query\\Builder.php(3717): Illuminate\\Database\\MySqlConnection->insert('insert into `fo...', Array)
#3 C:\\Users\\si\\Downloads\\Motors-main\\Motors-main\\Motors\\database\\seeders\\FotosSeeder.php(12): Illuminate\\Database\\Query\\Builder->insert(Array)
#4 C:\\Users\\si\\Downloads\\Motors-main\\Motors-main\\Motors\\vendor\\laravel\\framework\\src\\Illuminate\\Container\\BoundMethod.php(36): Database\\Seeders\\FotosSeeder->run()
#5 C:\\Users\\si\\Downloads\\Motors-main\\Motors-main\\Motors\\vendor\\laravel\\framework\\src\\Illuminate\\Container\\Util.php(43): Illuminate\\Container\\BoundMethod::Illuminate\\Container\\{closure}()
#6 C:\\Users\\si\\Downloads\\Motors-main\\Motors-main\\Motors\\vendor\\laravel\\framework\\src\\Illuminate\\Container\\BoundMethod.php(95): Illuminate\\Container\\Util::unwrapIfClosure(Object(Closure))
#7 C:\\Users\\si\\Downloads\\Motors-main\\Motors-main\\Motors\\vendor\\laravel\\framework\\src\\Illuminate\\Container\\BoundMethod.php(35): Illuminate\\Container\\BoundMethod::callBoundMethod(Object(Illuminate\\Foundation\\Application), Array, Object(Closure))
#8 C:\\Users\\si\\Downloads\\Motors-main\\Motors-main\\Motors\\vendor\\laravel\\framework\\src\\Illuminate\\Container\\Container.php(696): Illuminate\\Container\\BoundMethod::call(Object(Illuminate\\Foundation\\Application), Array, Array, NULL)
#9 C:\\Users\\si\\Downloads\\Motors-main\\Motors-main\\Motors\\vendor\\laravel\\framework\\src\\Illuminate\\Database\\Seeder.php(188): Illuminate\\Container\\Container->call(Array, Array)
#10 C:\\Users\\si\\Downloads\\Motors-main\\Motors-main\\Motors\\vendor\\laravel\\framework\\src\\Illuminate\\Database\\Seeder.php(197): Illuminate\\Database\\Seeder->Illuminate\\Database\\{closure}()
#11 C:\\Users\\si\\Downloads\\Motors-main\\Motors-main\\Motors\\vendor\\laravel\\framework\\src\\Illuminate\\Database\\Seeder.php(61): Illuminate\\Database\\Seeder->__invoke(Array)
#12 C:\\Users\\si\\Downloads\\Motors-main\\Motors-main\\Motors\\database\\seeders\\DatabaseSeeder.php(27): Illuminate\\Database\\Seeder->call('Database\\\\Seeder...')
#13 C:\\Users\\si\\Downloads\\Motors-main\\Motors-main\\Motors\\vendor\\laravel\\framework\\src\\Illuminate\\Container\\BoundMethod.php(36): Database\\Seeders\\DatabaseSeeder->run()
#14 C:\\Users\\si\\Downloads\\Motors-main\\Motors-main\\Motors\\vendor\\laravel\\framework\\src\\Illuminate\\Container\\Util.php(43): Illuminate\\Container\\BoundMethod::Illuminate\\Container\\{closure}()
#15 C:\\Users\\si\\Downloads\\Motors-main\\Motors-main\\Motors\\vendor\\laravel\\framework\\src\\Illuminate\\Container\\BoundMethod.php(95): Illuminate\\Container\\Util::unwrapIfClosure(Object(Closure))
#16 C:\\Users\\si\\Downloads\\Motors-main\\Motors-main\\Motors\\vendor\\laravel\\framework\\src\\Illuminate\\Container\\BoundMethod.php(35): Illuminate\\Container\\BoundMethod::callBoundMethod(Object(Illuminate\\Foundation\\Application), Array, Object(Closure))
#17 C:\\Users\\si\\Downloads\\Motors-main\\Motors-main\\Motors\\vendor\\laravel\\framework\\src\\Illuminate\\Container\\Container.php(696): Illuminate\\Container\\BoundMethod::call(Object(Illuminate\\Foundation\\Application), Array, Array, NULL)
#18 C:\\Users\\si\\Downloads\\Motors-main\\Motors-main\\Motors\\vendor\\laravel\\framework\\src\\Illuminate\\Database\\Seeder.php(188): Illuminate\\Container\\Container->call(Array, Array)
#19 C:\\Users\\si\\Downloads\\Motors-main\\Motors-main\\Motors\\vendor\\laravel\\framework\\src\\Illuminate\\Database\\Eloquent\\Concerns\\HasEvents.php(454): Illuminate\\Database\\Seeder->Illuminate\\Database\\{closure}()
#20 C:\\Users\\si\\Downloads\\Motors-main\\Motors-main\\Motors\\vendor\\laravel\\framework\\src\\Illuminate\\Database\\Console\\Seeds\\WithoutModelEvents.php(17): Illuminate\\Database\\Eloquent\\Model::withoutEvents(Object(Closure))
#21 C:\\Users\\si\\Downloads\\Motors-main\\Motors-main\\Motors\\vendor\\laravel\\framework\\src\\Illuminate\\Database\\Seeder.php(197): Database\\Seeders\\DatabaseSeeder->Illuminate\\Database\\Console\\Seeds\\{closure}()
#22 C:\\Users\\si\\Downloads\\Motors-main\\Motors-main\\Motors\\vendor\\laravel\\framework\\src\\Illuminate\\Database\\Console\\Seeds\\SeedCommand.php(70): Illuminate\\Database\\Seeder->__invoke()
#23 C:\\Users\\si\\Downloads\\Motors-main\\Motors-main\\Motors\\vendor\\laravel\\framework\\src\\Illuminate\\Database\\Eloquent\\Concerns\\GuardsAttributes.php(155): Illuminate\\Database\\Console\\Seeds\\SeedCommand->Illuminate\\Database\\Console\\Seeds\\{closure}()
#24 C:\\Users\\si\\Downloads\\Motors-main\\Motors-main\\Motors\\vendor\\laravel\\framework\\src\\Illuminate\\Database\\Console\\Seeds\\SeedCommand.php(69): Illuminate\\Database\\Eloquent\\Model::unguarded(Object(Closure))
#25 C:\\Users\\si\\Downloads\\Motors-main\\Motors-main\\Motors\\vendor\\laravel\\framework\\src\\Illuminate\\Container\\BoundMethod.php(36): Illuminate\\Database\\Console\\Seeds\\SeedCommand->handle()
#26 C:\\Users\\si\\Downloads\\Motors-main\\Motors-main\\Motors\\vendor\\laravel\\framework\\src\\Illuminate\\Container\\Util.php(43): Illuminate\\Container\\BoundMethod::Illuminate\\Container\\{closure}()
#27 C:\\Users\\si\\Downloads\\Motors-main\\Motors-main\\Motors\\vendor\\laravel\\framework\\src\\Illuminate\\Container\\BoundMethod.php(95): Illuminate\\Container\\Util::unwrapIfClosure(Object(Closure))
#28 C:\\Users\\si\\Downloads\\Motors-main\\Motors-main\\Motors\\vendor\\laravel\\framework\\src\\Illuminate\\Container\\BoundMethod.php(35): Illuminate\\Container\\BoundMethod::callBoundMethod(Object(Illuminate\\Foundation\\Application), Array, Object(Closure))
#29 C:\\Users\\si\\Downloads\\Motors-main\\Motors-main\\Motors\\vendor\\laravel\\framework\\src\\Illuminate\\Container\\Container.php(696): Illuminate\\Container\\BoundMethod::call(Object(Illuminate\\Foundation\\Application), Array, Array, NULL)
#30 C:\\Users\\si\\Downloads\\Motors-main\\Motors-main\\Motors\\vendor\\laravel\\framework\\src\\Illuminate\\Console\\Command.php(213): Illuminate\\Container\\Container->call(Array)
#31 C:\\Users\\si\\Downloads\\Motors-main\\Motors-main\\Motors\\vendor\\symfony\\console\\Command\\Command.php(318): Illuminate\\Console\\Command->execute(Object(Symfony\\Component\\Console\\Input\\ArrayInput), Object(Illuminate\\Console\\OutputStyle))
#32 C:\\Users\\si\\Downloads\\Motors-main\\Motors-main\\Motors\\vendor\\laravel\\framework\\src\\Illuminate\\Console\\Command.php(182): Symfony\\Component\\Console\\Command\\Command->run(Object(Symfony\\Component\\Console\\Input\\ArrayInput), Object(Illuminate\\Console\\OutputStyle))
#33 C:\\Users\\si\\Downloads\\Motors-main\\Motors-main\\Motors\\vendor\\laravel\\framework\\src\\Illuminate\\Console\\Concerns\\CallsCommands.php(68): Illuminate\\Console\\Command->run(Object(Symfony\\Component\\Console\\Input\\ArrayInput), Object(Illuminate\\Console\\OutputStyle))
#34 C:\\Users\\si\\Downloads\\Motors-main\\Motors-main\\Motors\\vendor\\laravel\\framework\\src\\Illuminate\\Console\\Concerns\\CallsCommands.php(29): Illuminate\\Console\\Command->runCommand('db:seed', Array, Object(Illuminate\\Console\\OutputStyle))
#35 C:\\Users\\si\\Downloads\\Motors-main\\Motors-main\\Motors\\vendor\\laravel\\framework\\src\\Illuminate\\Database\\Console\\Migrations\\MigrateCommand.php(126): Illuminate\\Console\\Command->call('db:seed', Array)
#36 C:\\Users\\si\\Downloads\\Motors-main\\Motors-main\\Motors\\vendor\\laravel\\framework\\src\\Illuminate\\Database\\Migrations\\Migrator.php(658): Illuminate\\Database\\Console\\Migrations\\MigrateCommand->Illuminate\\Database\\Console\\Migrations\\{closure}()
#37 C:\\Users\\si\\Downloads\\Motors-main\\Motors-main\\Motors\\vendor\\laravel\\framework\\src\\Illuminate\\Database\\Console\\Migrations\\MigrateCommand.php(110): Illuminate\\Database\\Migrations\\Migrator->usingConnection(NULL, Object(Closure))
#38 C:\\Users\\si\\Downloads\\Motors-main\\Motors-main\\Motors\\vendor\\laravel\\framework\\src\\Illuminate\\Database\\Console\\Migrations\\MigrateCommand.php(89): Illuminate\\Database\\Console\\Migrations\\MigrateCommand->runMigrations()
#39 C:\\Users\\si\\Downloads\\Motors-main\\Motors-main\\Motors\\vendor\\laravel\\framework\\src\\Illuminate\\Container\\BoundMethod.php(36): Illuminate\\Database\\Console\\Migrations\\MigrateCommand->handle()
#40 C:\\Users\\si\\Downloads\\Motors-main\\Motors-main\\Motors\\vendor\\laravel\\framework\\src\\Illuminate\\Container\\Util.php(43): Illuminate\\Container\\BoundMethod::Illuminate\\Container\\{closure}()
#41 C:\\Users\\si\\Downloads\\Motors-main\\Motors-main\\Motors\\vendor\\laravel\\framework\\src\\Illuminate\\Container\\BoundMethod.php(95): Illuminate\\Container\\Util::unwrapIfClosure(Object(Closure))
#42 C:\\Users\\si\\Downloads\\Motors-main\\Motors-main\\Motors\\vendor\\laravel\\framework\\src\\Illuminate\\Container\\BoundMethod.php(35): Illuminate\\Container\\BoundMethod::callBoundMethod(Object(Illuminate\\Foundation\\Application), Array, Object(Closure))
#43 C:\\Users\\si\\Downloads\\Motors-main\\Motors-main\\Motors\\vendor\\laravel\\framework\\src\\Illuminate\\Container\\Container.php(696): Illuminate\\Container\\BoundMethod::call(Object(Illuminate\\Foundation\\Application), Array, Array, NULL)
#44 C:\\Users\\si\\Downloads\\Motors-main\\Motors-main\\Motors\\vendor\\laravel\\framework\\src\\Illuminate\\Console\\Command.php(213): Illuminate\\Container\\Container->call(Array)
#45 C:\\Users\\si\\Downloads\\Motors-main\\Motors-main\\Motors\\vendor\\symfony\\console\\Command\\Command.php(318): Illuminate\\Console\\Command->execute(Object(Symfony\\Component\\Console\\Input\\ArgvInput), Object(Illuminate\\Console\\OutputStyle))
#46 C:\\Users\\si\\Downloads\\Motors-main\\Motors-main\\Motors\\vendor\\laravel\\framework\\src\\Illuminate\\Console\\Command.php(182): Symfony\\Component\\Console\\Command\\Command->run(Object(Symfony\\Component\\Console\\Input\\ArgvInput), Object(Illuminate\\Console\\OutputStyle))
#47 C:\\Users\\si\\Downloads\\Motors-main\\Motors-main\\Motors\\vendor\\symfony\\console\\Application.php(1073): Illuminate\\Console\\Command->run(Object(Symfony\\Component\\Console\\Input\\ArgvInput), Object(Symfony\\Component\\Console\\Output\\ConsoleOutput))
#48 C:\\Users\\si\\Downloads\\Motors-main\\Motors-main\\Motors\\vendor\\symfony\\console\\Application.php(356): Symfony\\Component\\Console\\Application->doRunCommand(Object(Illuminate\\Database\\Console\\Migrations\\MigrateCommand), Object(Symfony\\Component\\Console\\Input\\ArgvInput), Object(Symfony\\Component\\Console\\Output\\ConsoleOutput))
#49 C:\\Users\\si\\Downloads\\Motors-main\\Motors-main\\Motors\\vendor\\symfony\\console\\Application.php(195): Symfony\\Component\\Console\\Application->doRun(Object(Symfony\\Component\\Console\\Input\\ArgvInput), Object(Symfony\\Component\\Console\\Output\\ConsoleOutput))
#50 C:\\Users\\si\\Downloads\\Motors-main\\Motors-main\\Motors\\vendor\\laravel\\framework\\src\\Illuminate\\Foundation\\Console\\Kernel.php(198): Symfony\\Component\\Console\\Application->run(Object(Symfony\\Component\\Console\\Input\\ArgvInput), Object(Symfony\\Component\\Console\\Output\\ConsoleOutput))
#51 C:\\Users\\si\\Downloads\\Motors-main\\Motors-main\\Motors\\artisan(14): Illuminate\\Foundation\\Console\\Kernel->handle(Object(Symfony\\Component\\Console\\Input\\ArgvInput), Object(Symfony\\Component\\Console\\Output\\ConsoleOutput))
#52 {main}

[previous exception] [object] (PDOException(code: 22001): SQLSTATE[22001]: String data, right truncated: 1406 Data too long for column 'link_foto' at row 29 at C:\\Users\\si\\Downloads\\Motors-main\\Motors-main\\Motors\\vendor\\laravel\\framework\\src\\Illuminate\\Database\\MySqlConnection.php:53)
[stacktrace]
#0 C:\\Users\\si\\Downloads\\Motors-main\\Motors-main\\Motors\\vendor\\laravel\\framework\\src\\Illuminate\\Database\\MySqlConnection.php(53): PDOStatement->execute()
#1 C:\\Users\\si\\Downloads\\Motors-main\\Motors-main\\Motors\\vendor\\laravel\\framework\\src\\Illuminate\\Database\\Connection.php(812): Illuminate\\Database\\MySqlConnection->Illuminate\\Database\\{closure}('insert into `fo...', Array)
#2 C:\\Users\\si\\Downloads\\Motors-main\\Motors-main\\Motors\\vendor\\laravel\\framework\\src\\Illuminate\\Database\\Connection.php(779): Illuminate\\Database\\Connection->runQueryCallback('insert into `fo...', Array, Object(Closure))
#3 C:\\Users\\si\\Downloads\\Motors-main\\Motors-main\\Motors\\vendor\\laravel\\framework\\src\\Illuminate\\Database\\MySqlConnection.php(42): Illuminate\\Database\\Connection->run('insert into `fo...', Array, Object(Closure))
#4 C:\\Users\\si\\Downloads\\Motors-main\\Motors-main\\Motors\\vendor\\laravel\\framework\\src\\Illuminate\\Database\\Query\\Builder.php(3717): Illuminate\\Database\\MySqlConnection->insert('insert into `fo...', Array)
#5 C:\\Users\\si\\Downloads\\Motors-main\\Motors-main\\Motors\\database\\seeders\\FotosSeeder.php(12): Illuminate\\Database\\Query\\Builder->insert(Array)
#6 C:\\Users\\si\\Downloads\\Motors-main\\Motors-main\\Motors\\vendor\\laravel\\framework\\src\\Illuminate\\Container\\BoundMethod.php(36): Database\\Seeders\\FotosSeeder->run()
#7 C:\\Users\\si\\Downloads\\Motors-main\\Motors-main\\Motors\\vendor\\laravel\\framework\\src\\Illuminate\\Container\\Util.php(43): Illuminate\\Container\\BoundMethod::Illuminate\\Container\\{closure}()
#8 C:\\Users\\si\\Downloads\\Motors-main\\Motors-main\\Motors\\vendor\\laravel\\framework\\src\\Illuminate\\Container\\BoundMethod.php(95): Illuminate\\Container\\Util::unwrapIfClosure(Object(Closure))
#9 C:\\Users\\si\\Downloads\\Motors-main\\Motors-main\\Motors\\vendor\\laravel\\framework\\src\\Illuminate\\Container\\BoundMethod.php(35): Illuminate\\Container\\BoundMethod::callBoundMethod(Object(Illuminate\\Foundation\\Application), Array, Object(Closure))
#10 C:\\Users\\si\\Downloads\\Motors-main\\Motors-main\\Motors\\vendor\\laravel\\framework\\src\\Illuminate\\Container\\Container.php(696): Illuminate\\Container\\BoundMethod::call(Object(Illuminate\\Foundation\\Application), Array, Array, NULL)
#11 C:\\Users\\si\\Downloads\\Motors-main\\Motors-main\\Motors\\vendor\\laravel\\framework\\src\\Illuminate\\Database\\Seeder.php(188): Illuminate\\Container\\Container->call(Array, Array)
#12 C:\\Users\\si\\Downloads\\Motors-main\\Motors-main\\Motors\\vendor\\laravel\\framework\\src\\Illuminate\\Database\\Seeder.php(197): Illuminate\\Database\\Seeder->Illuminate\\Database\\{closure}()
#13 C:\\Users\\si\\Downloads\\Motors-main\\Motors-main\\Motors\\vendor\\laravel\\framework\\src\\Illuminate\\Database\\Seeder.php(61): Illuminate\\Database\\Seeder->__invoke(Array)
#14 C:\\Users\\si\\Downloads\\Motors-main\\Motors-main\\Motors\\database\\seeders\\DatabaseSeeder.php(27): Illuminate\\Database\\Seeder->call('Database\\\\Seeder...')
#15 C:\\Users\\si\\Downloads\\Motors-main\\Motors-main\\Motors\\vendor\\laravel\\framework\\src\\Illuminate\\Container\\BoundMethod.php(36): Database\\Seeders\\DatabaseSeeder->run()
#16 C:\\Users\\si\\Downloads\\Motors-main\\Motors-main\\Motors\\vendor\\laravel\\framework\\src\\Illuminate\\Container\\Util.php(43): Illuminate\\Container\\BoundMethod::Illuminate\\Container\\{closure}()
#17 C:\\Users\\si\\Downloads\\Motors-main\\Motors-main\\Motors\\vendor\\laravel\\framework\\src\\Illuminate\\Container\\BoundMethod.php(95): Illuminate\\Container\\Util::unwrapIfClosure(Object(Closure))
#18 C:\\Users\\si\\Downloads\\Motors-main\\Motors-main\\Motors\\vendor\\laravel\\framework\\src\\Illuminate\\Container\\BoundMethod.php(35): Illuminate\\Container\\BoundMethod::callBoundMethod(Object(Illuminate\\Foundation\\Application), Array, Object(Closure))
#19 C:\\Users\\si\\Downloads\\Motors-main\\Motors-main\\Motors\\vendor\\laravel\\framework\\src\\Illuminate\\Container\\Container.php(696): Illuminate\\Container\\BoundMethod::call(Object(Illuminate\\Foundation\\Application), Array, Array, NULL)
#20 C:\\Users\\si\\Downloads\\Motors-main\\Motors-main\\Motors\\vendor\\laravel\\framework\\src\\Illuminate\\Database\\Seeder.php(188): Illuminate\\Container\\Container->call(Array, Array)
#21 C:\\Users\\si\\Downloads\\Motors-main\\Motors-main\\Motors\\vendor\\laravel\\framework\\src\\Illuminate\\Database\\Eloquent\\Concerns\\HasEvents.php(454): Illuminate\\Database\\Seeder->Illuminate\\Database\\{closure}()
#22 C:\\Users\\si\\Downloads\\Motors-main\\Motors-main\\Motors\\vendor\\laravel\\framework\\src\\Illuminate\\Database\\Console\\Seeds\\WithoutModelEvents.php(17): Illuminate\\Database\\Eloquent\\Model::withoutEvents(Object(Closure))
#23 C:\\Users\\si\\Downloads\\Motors-main\\Motors-main\\Motors\\vendor\\laravel\\framework\\src\\Illuminate\\Database\\Seeder.php(197): Database\\Seeders\\DatabaseSeeder->Illuminate\\Database\\Console\\Seeds\\{closure}()
#24 C:\\Users\\si\\Downloads\\Motors-main\\Motors-main\\Motors\\vendor\\laravel\\framework\\src\\Illuminate\\Database\\Console\\Seeds\\SeedCommand.php(70): Illuminate\\Database\\Seeder->__invoke()
#25 C:\\Users\\si\\Downloads\\Motors-main\\Motors-main\\Motors\\vendor\\laravel\\framework\\src\\Illuminate\\Database\\Eloquent\\Concerns\\GuardsAttributes.php(155): Illuminate\\Database\\Console\\Seeds\\SeedCommand->Illuminate\\Database\\Console\\Seeds\\{closure}()
#26 C:\\Users\\si\\Downloads\\Motors-main\\Motors-main\\Motors\\vendor\\laravel\\framework\\src\\Illuminate\\Database\\Console\\Seeds\\SeedCommand.php(69): Illuminate\\Database\\Eloquent\\Model::unguarded(Object(Closure))
#27 C:\\Users\\si\\Downloads\\Motors-main\\Motors-main\\Motors\\vendor\\laravel\\framework\\src\\Illuminate\\Container\\BoundMethod.php(36): Illuminate\\Database\\Console\\Seeds\\SeedCommand->handle()
#28 C:\\Users\\si\\Downloads\\Motors-main\\Motors-main\\Motors\\vendor\\laravel\\framework\\src\\Illuminate\\Container\\Util.php(43): Illuminate\\Container\\BoundMethod::Illuminate\\Container\\{closure}()
#29 C:\\Users\\si\\Downloads\\Motors-main\\Motors-main\\Motors\\vendor\\laravel\\framework\\src\\Illuminate\\Container\\BoundMethod.php(95): Illuminate\\Container\\Util::unwrapIfClosure(Object(Closure))
#30 C:\\Users\\si\\Downloads\\Motors-main\\Motors-main\\Motors\\vendor\\laravel\\framework\\src\\Illuminate\\Container\\BoundMethod.php(35): Illuminate\\Container\\BoundMethod::callBoundMethod(Object(Illuminate\\Foundation\\Application), Array, Object(Closure))
#31 C:\\Users\\si\\Downloads\\Motors-main\\Motors-main\\Motors\\vendor\\laravel\\framework\\src\\Illuminate\\Container\\Container.php(696): Illuminate\\Container\\BoundMethod::call(Object(Illuminate\\Foundation\\Application), Array, Array, NULL)
#32 C:\\Users\\si\\Downloads\\Motors-main\\Motors-main\\Motors\\vendor\\laravel\\framework\\src\\Illuminate\\Console\\Command.php(213): Illuminate\\Container\\Container->call(Array)
#33 C:\\Users\\si\\Downloads\\Motors-main\\Motors-main\\Motors\\vendor\\symfony\\console\\Command\\Command.php(318): Illuminate\\Console\\Command->execute(Object(Symfony\\Component\\Console\\Input\\ArrayInput), Object(Illuminate\\Console\\OutputStyle))
#34 C:\\Users\\si\\Downloads\\Motors-main\\Motors-main\\Motors\\vendor\\laravel\\framework\\src\\Illuminate\\Console\\Command.php(182): Symfony\\Component\\Console\\Command\\Command->run(Object(Symfony\\Component\\Console\\Input\\ArrayInput), Object(Illuminate\\Console\\OutputStyle))
#35 C:\\Users\\si\\Downloads\\Motors-main\\Motors-main\\Motors\\vendor\\laravel\\framework\\src\\Illuminate\\Console\\Concerns\\CallsCommands.php(68): Illuminate\\Console\\Command->run(Object(Symfony\\Component\\Console\\Input\\ArrayInput), Object(Illuminate\\Console\\OutputStyle))
#36 C:\\Users\\si\\Downloads\\Motors-main\\Motors-main\\Motors\\vendor\\laravel\\framework\\src\\Illuminate\\Console\\Concerns\\CallsCommands.php(29): Illuminate\\Console\\Command->runCommand('db:seed', Array, Object(Illuminate\\Console\\OutputStyle))
#37 C:\\Users\\si\\Downloads\\Motors-main\\Motors-main\\Motors\\vendor\\laravel\\framework\\src\\Illuminate\\Database\\Console\\Migrations\\MigrateCommand.php(126): Illuminate\\Console\\Command->call('db:seed', Array)
#38 C:\\Users\\si\\Downloads\\Motors-main\\Motors-main\\Motors\\vendor\\laravel\\framework\\src\\Illuminate\\Database\\Migrations\\Migrator.php(658): Illuminate\\Database\\Console\\Migrations\\MigrateCommand->Illuminate\\Database\\Console\\Migrations\\{closure}()
#39 C:\\Users\\si\\Downloads\\Motors-main\\Motors-main\\Motors\\vendor\\laravel\\framework\\src\\Illuminate\\Database\\Console\\Migrations\\MigrateCommand.php(110): Illuminate\\Database\\Migrations\\Migrator->usingConnection(NULL, Object(Closure))
#40 C:\\Users\\si\\Downloads\\Motors-main\\Motors-main\\Motors\\vendor\\laravel\\framework\\src\\Illuminate\\Database\\Console\\Migrations\\MigrateCommand.php(89): Illuminate\\Database\\Console\\Migrations\\MigrateCommand->runMigrations()
#41 C:\\Users\\si\\Downloads\\Motors-main\\Motors-main\\Motors\\vendor\\laravel\\framework\\src\\Illuminate\\Container\\BoundMethod.php(36): Illuminate\\Database\\Console\\Migrations\\MigrateCommand->handle()
#42 C:\\Users\\si\\Downloads\\Motors-main\\Motors-main\\Motors\\vendor\\laravel\\framework\\src\\Illuminate\\Container\\Util.php(43): Illuminate\\Container\\BoundMethod::Illuminate\\Container\\{closure}()
#43 C:\\Users\\si\\Downloads\\Motors-main\\Motors-main\\Motors\\vendor\\laravel\\framework\\src\\Illuminate\\Container\\BoundMethod.php(95): Illuminate\\Container\\Util::unwrapIfClosure(Object(Closure))
#44 C:\\Users\\si\\Downloads\\Motors-main\\Motors-main\\Motors\\vendor\\laravel\\framework\\src\\Illuminate\\Container\\BoundMethod.php(35): Illuminate\\Container\\BoundMethod::callBoundMethod(Object(Illuminate\\Foundation\\Application), Array, Object(Closure))
#45 C:\\Users\\si\\Downloads\\Motors-main\\Motors-main\\Motors\\vendor\\laravel\\framework\\src\\Illuminate\\Container\\Container.php(696): Illuminate\\Container\\BoundMethod::call(Object(Illuminate\\Foundation\\Application), Array, Array, NULL)
#46 C:\\Users\\si\\Downloads\\Motors-main\\Motors-main\\Motors\\vendor\\laravel\\framework\\src\\Illuminate\\Console\\Command.php(213): Illuminate\\Container\\Container->call(Array)
#47 C:\\Users\\si\\Downloads\\Motors-main\\Motors-main\\Motors\\vendor\\symfony\\console\\Command\\Command.php(318): Illuminate\\Console\\Command->execute(Object(Symfony\\Component\\Console\\Input\\ArgvInput), Object(Illuminate\\Console\\OutputStyle))
#48 C:\\Users\\si\\Downloads\\Motors-main\\Motors-main\\Motors\\vendor\\laravel\\framework\\src\\Illuminate\\Console\\Command.php(182): Symfony\\Component\\Console\\Command\\Command->run(Object(Symfony\\Component\\Console\\Input\\ArgvInput), Object(Illuminate\\Console\\OutputStyle))
#49 C:\\Users\\si\\Downloads\\Motors-main\\Motors-main\\Motors\\vendor\\symfony\\console\\Application.php(1073): Illuminate\\Console\\Command->run(Object(Symfony\\Component\\Console\\Input\\ArgvInput), Object(Symfony\\Component\\Console\\Output\\ConsoleOutput))
#50 C:\\Users\\si\\Downloads\\Motors-main\\Motors-main\\Motors\\vendor\\symfony\\console\\Application.php(356): Symfony\\Component\\Console\\Application->doRunCommand(Object(Illuminate\\Database\\Console\\Migrations\\MigrateCommand), Object(Symfony\\Component\\Console\\Input\\ArgvInput), Object(Symfony\\Component\\Console\\Output\\ConsoleOutput))
#51 C:\\Users\\si\\Downloads\\Motors-main\\Motors-main\\Motors\\vendor\\symfony\\console\\Application.php(195): Symfony\\Component\\Console\\Application->doRun(Object(Symfony\\Component\\Console\\Input\\ArgvInput), Object(Symfony\\Component\\Console\\Output\\ConsoleOutput))
#52 C:\\Users\\si\\Downloads\\Motors-main\\Motors-main\\Motors\\vendor\\laravel\\framework\\src\\Illuminate\\Foundation\\Console\\Kernel.php(198): Symfony\\Component\\Console\\Application->run(Object(Symfony\\Component\\Console\\Input\\ArgvInput), Object(Symfony\\Component\\Console\\Output\\ConsoleOutput))
#53 C:\\Users\\si\\Downloads\\Motors-main\\Motors-main\\Motors\\artisan(14): Illuminate\\Foundation\\Console\\Kernel->handle(Object(Symfony\\Component\\Console\\Input\\ArgvInput), Object(Symfony\\Component\\Console\\Output\\ConsoleOutput))
#54 {main}
"} 
[2025-11-14 19:45:06] local.ERROR: Class "Database\Seeders\User" not found {"exception":"[object] (Error(code: 0): Class \"Database\\Seeders\\User\" not found at C:\\Users\\si\\Downloads\\Motors-main\\Motors-main\\Motors\\database\\seeders\\AdminUserSeeder.php:18)
[stacktrace]
#0 C:\\Users\\si\\Downloads\\Motors-main\\Motors-main\\Motors\\vendor\\laravel\\framework\\src\\Illuminate\\Container\\BoundMethod.php(36): Database\\Seeders\\AdminUserSeeder->run()
#1 C:\\Users\\si\\Downloads\\Motors-main\\Motors-main\\Motors\\vendor\\laravel\\framework\\src\\Illuminate\\Container\\Util.php(43): Illuminate\\Container\\BoundMethod::Illuminate\\Container\\{closure}()
#2 C:\\Users\\si\\Downloads\\Motors-main\\Motors-main\\Motors\\vendor\\laravel\\framework\\src\\Illuminate\\Container\\BoundMethod.php(95): Illuminate\\Container\\Util::unwrapIfClosure(Object(Closure))
#3 C:\\Users\\si\\Downloads\\Motors-main\\Motors-main\\Motors\\vendor\\laravel\\framework\\src\\Illuminate\\Container\\BoundMethod.php(35): Illuminate\\Container\\BoundMethod::callBoundMethod(Object(Illuminate\\Foundation\\Application), Array, Object(Closure))
#4 C:\\Users\\si\\Downloads\\Motors-main\\Motors-main\\Motors\\vendor\\laravel\\framework\\src\\Illuminate\\Container\\Container.php(696): Illuminate\\Container\\BoundMethod::call(Object(Illuminate\\Foundation\\Application), Array, Array, NULL)
#5 C:\\Users\\si\\Downloads\\Motors-main\\Motors-main\\Motors\\vendor\\laravel\\framework\\src\\Illuminate\\Database\\Seeder.php(188): Illuminate\\Container\\Container->call(Array, Array)
#6 C:\\Users\\si\\Downloads\\Motors-main\\Motors-main\\Motors\\vendor\\laravel\\framework\\src\\Illuminate\\Database\\Seeder.php(197): Illuminate\\Database\\Seeder->Illuminate\\Database\\{closure}()
#7 C:\\Users\\si\\Downloads\\Motors-main\\Motors-main\\Motors\\vendor\\laravel\\framework\\src\\Illuminate\\Database\\Console\\Seeds\\SeedCommand.php(70): Illuminate\\Database\\Seeder->__invoke()
#8 C:\\Users\\si\\Downloads\\Motors-main\\Motors-main\\Motors\\vendor\\laravel\\framework\\src\\Illuminate\\Database\\Eloquent\\Concerns\\GuardsAttributes.php(155): Illuminate\\Database\\Console\\Seeds\\SeedCommand->Illuminate\\Database\\Console\\Seeds\\{closure}()
#9 C:\\Users\\si\\Downloads\\Motors-main\\Motors-main\\Motors\\vendor\\laravel\\framework\\src\\Illuminate\\Database\\Console\\Seeds\\SeedCommand.php(69): Illuminate\\Database\\Eloquent\\Model::unguarded(Object(Closure))
#10 C:\\Users\\si\\Downloads\\Motors-main\\Motors-main\\Motors\\vendor\\laravel\\framework\\src\\Illuminate\\Container\\BoundMethod.php(36): Illuminate\\Database\\Console\\Seeds\\SeedCommand->handle()
#11 C:\\Users\\si\\Downloads\\Motors-main\\Motors-main\\Motors\\vendor\\laravel\\framework\\src\\Illuminate\\Container\\Util.php(43): Illuminate\\Container\\BoundMethod::Illuminate\\Container\\{closure}()
#12 C:\\Users\\si\\Downloads\\Motors-main\\Motors-main\\Motors\\vendor\\laravel\\framework\\src\\Illuminate\\Container\\BoundMethod.php(95): Illuminate\\Container\\Util::unwrapIfClosure(Object(Closure))
#13 C:\\Users\\si\\Downloads\\Motors-main\\Motors-main\\Motors\\vendor\\laravel\\framework\\src\\Illuminate\\Container\\BoundMethod.php(35): Illuminate\\Container\\BoundMethod::callBoundMethod(Object(Illuminate\\Foundation\\Application), Array, Object(Closure))
#14 C:\\Users\\si\\Downloads\\Motors-main\\Motors-main\\Motors\\vendor\\laravel\\framework\\src\\Illuminate\\Container\\Container.php(696): Illuminate\\Container\\BoundMethod::call(Object(Illuminate\\Foundation\\Application), Array, Array, NULL)
#15 C:\\Users\\si\\Downloads\\Motors-main\\Motors-main\\Motors\\vendor\\laravel\\framework\\src\\Illuminate\\Console\\Command.php(213): Illuminate\\Container\\Container->call(Array)
#16 C:\\Users\\si\\Downloads\\Motors-main\\Motors-main\\Motors\\vendor\\symfony\\console\\Command\\Command.php(318): Illuminate\\Console\\Command->execute(Object(Symfony\\Component\\Console\\Input\\ArgvInput), Object(Illuminate\\Console\\OutputStyle))
#17 C:\\Users\\si\\Downloads\\Motors-main\\Motors-main\\Motors\\vendor\\laravel\\framework\\src\\Illuminate\\Console\\Command.php(182): Symfony\\Component\\Console\\Command\\Command->run(Object(Symfony\\Component\\Console\\Input\\ArgvInput), Object(Illuminate\\Console\\OutputStyle))
#18 C:\\Users\\si\\Downloads\\Motors-main\\Motors-main\\Motors\\vendor\\symfony\\console\\Application.php(1073): Illuminate\\Console\\Command->run(Object(Symfony\\Component\\Console\\Input\\ArgvInput), Object(Symfony\\Component\\Console\\Output\\ConsoleOutput))
#19 C:\\Users\\si\\Downloads\\Motors-main\\Motors-main\\Motors\\vendor\\symfony\\console\\Application.php(356): Symfony\\Component\\Console\\Application->doRunCommand(Object(Illuminate\\Database\\Console\\Seeds\\SeedCommand), Object(Symfony\\Component\\Console\\Input\\ArgvInput), Object(Symfony\\Component\\Console\\Output\\ConsoleOutput))
#20 C:\\Users\\si\\Downloads\\Motors-main\\Motors-main\\Motors\\vendor\\symfony\\console\\Application.php(195): Symfony\\Component\\Console\\Application->doRun(Object(Symfony\\Component\\Console\\Input\\ArgvInput), Object(Symfony\\Component\\Console\\Output\\ConsoleOutput))
#21 C:\\Users\\si\\Downloads\\Motors-main\\Motors-main\\Motors\\vendor\\laravel\\framework\\src\\Illuminate\\Foundation\\Console\\Kernel.php(198): Symfony\\Component\\Console\\Application->run(Object(Symfony\\Component\\Console\\Input\\ArgvInput), Object(Symfony\\Component\\Console\\Output\\ConsoleOutput))
#22 C:\\Users\\si\\Downloads\\Motors-main\\Motors-main\\Motors\\artisan(14): Illuminate\\Foundation\\Console\\Kernel->handle(Object(Symfony\\Component\\Console\\Input\\ArgvInput), Object(Symfony\\Component\\Console\\Output\\ConsoleOutput))
#23 {main}
"} 
